Determining if the pthread_create exist failed with the following output:
Change Dir: /home/gishr/software/GAAS0527/software/Path_Planning_cpp/cmake-build-debug/CMakeFiles/CMakeTmp

Run Build Command:"/usr/bin/make" "cmTC_47d4a/fast"
/usr/bin/make -f CMakeFiles/cmTC_47d4a.dir/build.make CMakeFiles/cmTC_47d4a.dir/build
make[1]: Entering directory '/home/gishr/software/GAAS0527/software/Path_Planning_cpp/cmake-build-debug/CMakeFiles/CMakeTmp'
Building C object CMakeFiles/cmTC_47d4a.dir/CheckSymbolExists.c.o
/usr/bin/cc   -fPIC    -o CMakeFiles/cmTC_47d4a.dir/CheckSymbolExists.c.o   -c /home/gishr/software/GAAS0527/software/Path_Planning_cpp/cmake-build-debug/CMakeFiles/CMakeTmp/CheckSymbolExists.c
Linking C executable cmTC_47d4a
/home/gishr/Downloads/clion-2018.3.3/bin/cmake/linux/bin/cmake -E cmake_link_script CMakeFiles/cmTC_47d4a.dir/link.txt --verbose=1
/usr/bin/cc -fPIC     -rdynamic CMakeFiles/cmTC_47d4a.dir/CheckSymbolExists.c.o  -o cmTC_47d4a 
CMakeFiles/cmTC_47d4a.dir/CheckSymbolExists.c.o: In function `main':
CheckSymbolExists.c:(.text+0x1b): undefined reference to `pthread_create'
collect2: error: ld returned 1 exit status
CMakeFiles/cmTC_47d4a.dir/build.make:86: recipe for target 'cmTC_47d4a' failed
make[1]: *** [cmTC_47d4a] Error 1
make[1]: Leaving directory '/home/gishr/software/GAAS0527/software/Path_Planning_cpp/cmake-build-debug/CMakeFiles/CMakeTmp'
Makefile:121: recipe for target 'cmTC_47d4a/fast' failed
make: *** [cmTC_47d4a/fast] Error 2

File /home/gishr/software/GAAS0527/software/Path_Planning_cpp/cmake-build-debug/CMakeFiles/CMakeTmp/CheckSymbolExists.c:
/* */
#include <pthread.h>

int main(int argc, char** argv)
{
  (void)argv;
#ifndef pthread_create
  return ((int*)(&pthread_create))[argc];
#else
  (void)argc;
  return 0;
#endif
}

Determining if the function pthread_create exists in the pthreads failed with the following output:
Change Dir: /home/gishr/software/GAAS0527/software/Path_Planning_cpp/cmake-build-debug/CMakeFiles/CMakeTmp

Run Build Command:"/usr/bin/make" "cmTC_857d3/fast"
/usr/bin/make -f CMakeFiles/cmTC_857d3.dir/build.make CMakeFiles/cmTC_857d3.dir/build
make[1]: Entering directory '/home/gishr/software/GAAS0527/software/Path_Planning_cpp/cmake-build-debug/CMakeFiles/CMakeTmp'
Building C object CMakeFiles/cmTC_857d3.dir/CheckFunctionExists.c.o
/usr/bin/cc   -fPIC -DCHECK_FUNCTION_EXISTS=pthread_create   -o CMakeFiles/cmTC_857d3.dir/CheckFunctionExists.c.o   -c /home/gishr/Downloads/clion-2018.3.3/bin/cmake/linux/share/cmake-3.13/Modules/CheckFunctionExists.c
Linking C executable cmTC_857d3
/home/gishr/Downloads/clion-2018.3.3/bin/cmake/linux/bin/cmake -E cmake_link_script CMakeFiles/cmTC_857d3.dir/link.txt --verbose=1
/usr/bin/cc -fPIC -DCHECK_FUNCTION_EXISTS=pthread_create    -rdynamic CMakeFiles/cmTC_857d3.dir/CheckFunctionExists.c.o  -o cmTC_857d3 -lpthreads 
/usr/bin/ld: cannot find -lpthreads
collect2: error: ld returned 1 exit status
CMakeFiles/cmTC_857d3.dir/build.make:86: recipe for target 'cmTC_857d3' failed
make[1]: *** [cmTC_857d3] Error 1
make[1]: Leaving directory '/home/gishr/software/GAAS0527/software/Path_Planning_cpp/cmake-build-debug/CMakeFiles/CMakeTmp'
Makefile:121: recipe for target 'cmTC_857d3/fast' failed
make: *** [cmTC_857d3/fast] Error 2


